2025-10-28 21:11:38,885 - [Utils] MethodGroupsHelper.collectMethodsByGroup() took 0 ms.
2025-10-28 21:11:38,887 - [Utils] MethodGroupsHelper.sortMethods() took 0 ms.
2025-10-28 21:11:38,888 - [Utils] MethodGroupsHelper.collectMethodsByGroup() took 0 ms.
2025-10-28 21:11:38,888 - [Utils] MethodGroupsHelper.sortMethods() took 0 ms.
2025-10-28 21:11:38,888 - [Utils] MethodGroupsHelper.collectMethodsByGroup() took 0 ms.
2025-10-28 21:11:38,888 - [Utils] MethodGroupsHelper.sortMethods() took 0 ms.
2025-10-28 21:11:38,888 - [Utils] MethodGroupsHelper.collectMethodsByGroup() took 0 ms.
2025-10-28 21:11:38,888 - [Utils] MethodGroupsHelper.sortMethods() took 0 ms.
2025-10-28 21:11:38,890 - [Utils] MethodGroupsHelper.collectMethodsByGroup() took 0 ms.
2025-10-28 21:11:38,894 - [Utils] MethodGroupsHelper.sortMethods() took 3 ms.
2025-10-28 21:11:38,894 - [Utils] MethodGroupsHelper.collectMethodsByGroup() took 0 ms.
2025-10-28 21:11:38,894 - [Utils] MethodGroupsHelper.sortMethods() took 0 ms.
2025-10-28 21:11:38,895 - [Utils] MethodGroupsHelper.collectMethodsByGroup() took 0 ms.
2025-10-28 21:11:38,895 - [Utils] MethodGroupsHelper.sortMethods() took 0 ms.
2025-10-28 21:11:38,895 - [Utils] MethodGroupsHelper.collectMethodsByGroup() took 0 ms.
2025-10-28 21:11:38,895 - [Utils] MethodGroupsHelper.sortMethods() took 0 ms.
2025-10-28 21:11:38,895 - [Utils] MethodGroupsHelper.collectMethodsByGroup() took 0 ms.
2025-10-28 21:11:38,895 - [Utils] MethodGroupsHelper.sortMethods() took 0 ms.
2025-10-28 21:11:38,896 - [Utils] MethodGroupsHelper.collectMethodsByGroup() took 0 ms.
2025-10-28 21:11:38,896 - [Utils] MethodGroupsHelper.sortMethods() took 0 ms.
2025-10-28 21:11:38,896 - [Utils] MethodGroupsHelper.collectMethodsByGroup() took 0 ms.
2025-10-28 21:11:38,896 - [Utils] MethodGroupsHelper.sortMethods() took 0 ms.
2025-10-28 21:11:38,897 - [Utils] MethodGroupsHelper.collectMethodsByGroup() took 0 ms.
2025-10-28 21:11:38,897 - [Utils] MethodGroupsHelper.sortMethods() took 0 ms.
2025-10-28 21:11:38,897 - [Utils] MethodGroupsHelper.collectMethodsByGroup() took 0 ms.
2025-10-28 21:11:38,897 - [Utils] MethodGroupsHelper.sortMethods() took 0 ms.
2025-10-28 21:11:38,898 - [Utils] MethodGroupsHelper.collectMethodsByGroup() took 0 ms.
2025-10-28 21:11:38,898 - [Utils] MethodGroupsHelper.sortMethods() took 0 ms.
2025-10-28 21:11:38,898 - [Utils] MethodGroupsHelper.collectMethodsByGroup() took 0 ms.
2025-10-28 21:11:38,898 - [Utils] MethodGroupsHelper.sortMethods() took 0 ms.
2025-10-28 21:11:38,900 - [TestNG] Running:
  /private/var/folders/1k/kfff2mfs47q7cc5ksybf1yb80000gp/T/testng-eclipse--1117737126/testng-customsuite.xml

2025-10-28 21:11:38,907 - [Utils] DynamicGraphHelper.createDynamicGraph() took 1 ms.
2025-10-28 21:11:58,916 - **** Starting of TC001_AccountRegistrationTest ****
2025-10-28 21:11:58,967 - **** Clicked on MyAccount ****
2025-10-28 21:11:59,518 - **** Clicked on Register ****
2025-10-28 21:11:59,519 - **** Providing the customer details ****
2025-10-28 21:12:00,598 - **** Finished the TC001_AccountRegistrationTest
2025-10-28 21:12:00,736 - [TestNG] Time taken by org.testng.reporters.jq.Main@bdecc21: 14 ms
2025-10-28 21:12:00,737 - [TestNG] Time taken by org.testng.reporters.FailedReporter@201aa8c1: 1 ms
2025-10-28 21:12:00,739 - [TestNG] Time taken by org.testng.reporters.XMLReporter@4aac85fa: 2 ms
2025-10-28 21:12:00,740 - [TestNG] Time taken by org.testng.reporters.EmailableReporter2@68809cc7: 1 ms
2025-10-28 21:12:00,741 - [TestNG] Time taken by org.testng.reporters.JUnitReportReporter@13cd7ea5: 1 ms
2025-10-28 21:12:00,741 - [TestNG] Time taken by org.testng.internal.ExitCodeListener@102d92c4: 0 ms
2025-10-28 21:22:16,028 - [Utils] MethodGroupsHelper.collectMethodsByGroup() took 0 ms.
2025-10-28 21:22:16,031 - [Utils] MethodGroupsHelper.sortMethods() took 0 ms.
2025-10-28 21:22:16,032 - [Utils] MethodGroupsHelper.collectMethodsByGroup() took 0 ms.
2025-10-28 21:22:16,034 - [Utils] MethodGroupsHelper.sortMethods() took 0 ms.
2025-10-28 21:22:16,034 - [Utils] MethodGroupsHelper.collectMethodsByGroup() took 0 ms.
2025-10-28 21:22:16,034 - [Utils] MethodGroupsHelper.sortMethods() took 0 ms.
2025-10-28 21:22:16,035 - [Utils] MethodGroupsHelper.collectMethodsByGroup() took 0 ms.
2025-10-28 21:22:16,035 - [Utils] MethodGroupsHelper.sortMethods() took 0 ms.
2025-10-28 21:22:16,038 - [Utils] MethodGroupsHelper.collectMethodsByGroup() took 1 ms.
2025-10-28 21:22:16,048 - [Utils] MethodGroupsHelper.sortMethods() took 10 ms.
2025-10-28 21:22:16,049 - [Utils] MethodGroupsHelper.collectMethodsByGroup() took 0 ms.
2025-10-28 21:22:16,049 - [Utils] MethodGroupsHelper.sortMethods() took 0 ms.
2025-10-28 21:22:16,049 - [Utils] MethodGroupsHelper.collectMethodsByGroup() took 0 ms.
2025-10-28 21:22:16,049 - [Utils] MethodGroupsHelper.sortMethods() took 0 ms.
2025-10-28 21:22:16,050 - [Utils] MethodGroupsHelper.collectMethodsByGroup() took 0 ms.
2025-10-28 21:22:16,050 - [Utils] MethodGroupsHelper.sortMethods() took 0 ms.
2025-10-28 21:22:16,051 - [Utils] MethodGroupsHelper.collectMethodsByGroup() took 0 ms.
2025-10-28 21:22:16,051 - [Utils] MethodGroupsHelper.sortMethods() took 0 ms.
2025-10-28 21:22:16,051 - [Utils] MethodGroupsHelper.collectMethodsByGroup() took 0 ms.
2025-10-28 21:22:16,051 - [Utils] MethodGroupsHelper.sortMethods() took 0 ms.
2025-10-28 21:22:16,052 - [Utils] MethodGroupsHelper.collectMethodsByGroup() took 0 ms.
2025-10-28 21:22:16,052 - [Utils] MethodGroupsHelper.sortMethods() took 0 ms.
2025-10-28 21:22:16,052 - [Utils] MethodGroupsHelper.collectMethodsByGroup() took 0 ms.
2025-10-28 21:22:16,052 - [Utils] MethodGroupsHelper.sortMethods() took 0 ms.
2025-10-28 21:22:16,053 - [Utils] MethodGroupsHelper.collectMethodsByGroup() took 0 ms.
2025-10-28 21:22:16,053 - [Utils] MethodGroupsHelper.sortMethods() took 0 ms.
2025-10-28 21:22:16,053 - [Utils] MethodGroupsHelper.collectMethodsByGroup() took 0 ms.
2025-10-28 21:22:16,054 - [Utils] MethodGroupsHelper.sortMethods() took 0 ms.
2025-10-28 21:22:16,054 - [Utils] MethodGroupsHelper.collectMethodsByGroup() took 0 ms.
2025-10-28 21:22:16,054 - [Utils] MethodGroupsHelper.sortMethods() took 0 ms.
2025-10-28 21:22:16,057 - [TestNG] Running:
  /private/var/folders/1k/kfff2mfs47q7cc5ksybf1yb80000gp/T/testng-eclipse-1935120037/testng-customsuite.xml

2025-10-28 21:22:16,065 - [Utils] DynamicGraphHelper.createDynamicGraph() took 1 ms.
2025-10-28 21:22:25,606 - **** Starting of TC001_AccountRegistrationTest ****
2025-10-28 21:22:25,659 - **** Clicked on MyAccount ****
2025-10-28 21:22:27,087 - **** Clicked on Register ****
2025-10-28 21:22:27,089 - **** Providing the customer details ****
2025-10-28 21:22:28,639 - Test failed..
2025-10-28 21:22:28,831 - [TestNG] Time taken by org.testng.reporters.jq.Main@21fff664: 22 ms
2025-10-28 21:22:28,836 - [TestNG] Time taken by org.testng.reporters.FailedReporter@29be7749: 4 ms
2025-10-28 21:22:28,839 - [TestNG] Time taken by org.testng.reporters.XMLReporter@21ab988f: 3 ms
2025-10-28 21:22:28,841 - [TestNG] Time taken by org.testng.reporters.EmailableReporter2@5ca1f591: 2 ms
2025-10-28 21:22:28,843 - [TestNG] Time taken by org.testng.reporters.JUnitReportReporter@6a969fb8: 2 ms
2025-10-28 21:22:28,843 - [TestNG] Time taken by org.testng.internal.ExitCodeListener@7a18e8d: 0 ms
2025-10-28 21:27:23,195 - [Utils] MethodGroupsHelper.collectMethodsByGroup() took 0 ms.
2025-10-28 21:27:23,197 - [Utils] MethodGroupsHelper.sortMethods() took 0 ms.
2025-10-28 21:27:23,197 - [Utils] MethodGroupsHelper.collectMethodsByGroup() took 0 ms.
2025-10-28 21:27:23,197 - [Utils] MethodGroupsHelper.sortMethods() took 0 ms.
2025-10-28 21:27:23,197 - [Utils] MethodGroupsHelper.collectMethodsByGroup() took 0 ms.
2025-10-28 21:27:23,198 - [Utils] MethodGroupsHelper.sortMethods() took 0 ms.
2025-10-28 21:27:23,198 - [Utils] MethodGroupsHelper.collectMethodsByGroup() took 0 ms.
2025-10-28 21:27:23,198 - [Utils] MethodGroupsHelper.sortMethods() took 0 ms.
2025-10-28 21:27:23,199 - [Utils] MethodGroupsHelper.collectMethodsByGroup() took 0 ms.
2025-10-28 21:27:23,203 - [Utils] MethodGroupsHelper.sortMethods() took 3 ms.
2025-10-28 21:27:23,203 - [Utils] MethodGroupsHelper.collectMethodsByGroup() took 0 ms.
2025-10-28 21:27:23,204 - [Utils] MethodGroupsHelper.sortMethods() took 0 ms.
2025-10-28 21:27:23,204 - [Utils] MethodGroupsHelper.collectMethodsByGroup() took 0 ms.
2025-10-28 21:27:23,204 - [Utils] MethodGroupsHelper.sortMethods() took 0 ms.
2025-10-28 21:27:23,204 - [Utils] MethodGroupsHelper.collectMethodsByGroup() took 0 ms.
2025-10-28 21:27:23,204 - [Utils] MethodGroupsHelper.sortMethods() took 0 ms.
2025-10-28 21:27:23,205 - [Utils] MethodGroupsHelper.collectMethodsByGroup() took 0 ms.
2025-10-28 21:27:23,205 - [Utils] MethodGroupsHelper.sortMethods() took 0 ms.
2025-10-28 21:27:23,205 - [Utils] MethodGroupsHelper.collectMethodsByGroup() took 0 ms.
2025-10-28 21:27:23,205 - [Utils] MethodGroupsHelper.sortMethods() took 0 ms.
2025-10-28 21:27:23,206 - [Utils] MethodGroupsHelper.collectMethodsByGroup() took 0 ms.
2025-10-28 21:27:23,206 - [Utils] MethodGroupsHelper.sortMethods() took 0 ms.
2025-10-28 21:27:23,206 - [Utils] MethodGroupsHelper.collectMethodsByGroup() took 0 ms.
2025-10-28 21:27:23,206 - [Utils] MethodGroupsHelper.sortMethods() took 0 ms.
2025-10-28 21:27:23,207 - [Utils] MethodGroupsHelper.collectMethodsByGroup() took 0 ms.
2025-10-28 21:27:23,207 - [Utils] MethodGroupsHelper.sortMethods() took 0 ms.
2025-10-28 21:27:23,207 - [Utils] MethodGroupsHelper.collectMethodsByGroup() took 0 ms.
2025-10-28 21:27:23,207 - [Utils] MethodGroupsHelper.sortMethods() took 0 ms.
2025-10-28 21:27:23,207 - [Utils] MethodGroupsHelper.collectMethodsByGroup() took 0 ms.
2025-10-28 21:27:23,207 - [Utils] MethodGroupsHelper.sortMethods() took 0 ms.
2025-10-28 21:27:23,210 - [TestNG] Running:
  /private/var/folders/1k/kfff2mfs47q7cc5ksybf1yb80000gp/T/testng-eclipse-905576308/testng-customsuite.xml

2025-10-28 21:27:23,216 - [Utils] DynamicGraphHelper.createDynamicGraph() took 1 ms.
2025-10-28 21:27:28,481 - **** Starting of TC001_AccountRegistrationTest ****
2025-10-28 21:27:28,532 - **** Clicked on MyAccount ****
2025-10-28 21:27:29,140 - **** Clicked on Register ****
2025-10-28 21:27:29,141 - **** Providing the customer details ****
2025-10-28 21:27:30,632 - **** Finished the TC001_AccountRegistrationTest
2025-10-28 21:27:30,771 - [TestNG] Time taken by org.testng.reporters.jq.Main@56ccd751: 18 ms
2025-10-28 21:27:30,772 - [TestNG] Time taken by org.testng.reporters.FailedReporter@2d66530f: 0 ms
2025-10-28 21:27:30,774 - [TestNG] Time taken by org.testng.reporters.XMLReporter@6872f9c8: 2 ms
2025-10-28 21:27:30,776 - [TestNG] Time taken by org.testng.reporters.EmailableReporter2@66bfd864: 2 ms
2025-10-28 21:27:30,777 - [TestNG] Time taken by org.testng.reporters.JUnitReportReporter@5486887b: 1 ms
2025-10-28 21:27:30,777 - [TestNG] Time taken by org.testng.internal.ExitCodeListener@5226e402: 0 ms
2025-10-28 22:12:16,553 - [TestNG] Running:
  /Users/Harsha/Documents/GitHub/Automation-projects-portifolio/OpencartV121/testng.xml

2025-10-28 22:13:09,036 - [TestNG] Running:
  /Users/Harsha/Documents/GitHub/Automation-projects-portifolio/OpencartV121/testng.xml

2025-10-28 22:16:24,654 - [TestNG] Running:
  /Users/Harsha/Documents/GitHub/Automation-projects-portifolio/OpencartV121/testng.xml

2025-10-28 22:16:35,199 - **** Starting of TC001_AccountRegistrationTest ****
2025-10-28 22:16:35,264 - **** Clicked on MyAccount ****
2025-10-28 22:16:35,679 - **** Clicked on Register ****
2025-10-28 22:16:35,680 - **** Providing the customer details ****
2025-10-28 22:16:37,120 - **** Finished the TC001_AccountRegistrationTest
2025-10-28 22:16:50,415 - [TestNG] Running:
  /Users/Harsha/Documents/GitHub/Automation-projects-portifolio/OpencartV121/testng.xml

2025-10-28 22:16:55,969 - **** Starting of TC001_AccountRegistrationTest ****
2025-10-28 22:16:56,010 - **** Clicked on MyAccount ****
2025-10-28 22:16:56,792 - **** Clicked on Register ****
2025-10-28 22:16:56,793 - **** Providing the customer details ****
2025-10-28 22:16:58,027 - **** Finished the TC001_AccountRegistrationTest
2025-10-28 22:17:59,121 - [TestNG] Running:
  /Users/Harsha/Documents/GitHub/Automation-projects-portifolio/OpencartV121/testng.xml

2025-10-28 22:18:03,319 - **** Starting of TC001_AccountRegistrationTest ****
2025-10-28 22:18:03,366 - **** Clicked on MyAccount ****
2025-10-28 22:18:03,792 - **** Clicked on Register ****
2025-10-28 22:18:03,793 - **** Providing the customer details ****
2025-10-28 22:18:04,810 - **** Finished the TC001_AccountRegistrationTest
2025-10-28 22:18:24,950 - [TestNG] Running:
  /Users/Harsha/Documents/GitHub/Automation-projects-portifolio/OpencartV121/testng.xml

2025-10-28 22:19:20,424 - [TestNG] Running:
  /Users/Harsha/Documents/GitHub/Automation-projects-portifolio/OpencartV121/testng.xml

2025-10-28 22:23:06,531 - [TestNG] Running:
  /Users/Harsha/Documents/GitHub/Automation-projects-portifolio/OpencartV121/testng.xml

2025-10-28 22:23:22,128 - **** Starting of TC001_AccountRegistrationTest ****
2025-10-28 22:23:22,204 - **** Clicked on MyAccount ****
2025-10-28 22:23:22,744 - **** Clicked on Register ****
2025-10-28 22:23:22,745 - **** Providing the customer details ****
2025-10-28 22:23:24,586 - **** Finished the TC001_AccountRegistrationTest
2025-10-28 22:30:35,277 - [TestNG] Running:
  /Users/Harsha/Documents/GitHub/Automation-projects-portifolio/OpencartV121/crossbrowsertesting.xml

2025-10-28 22:30:39,412 - **** Starting of TC001_AccountRegistrationTest ****
2025-10-28 22:30:39,462 - **** Clicked on MyAccount ****
2025-10-28 22:30:39,889 - **** Clicked on Register ****
2025-10-28 22:30:39,890 - **** Providing the customer details ****
2025-10-28 22:30:41,679 - **** Finished the TC001_AccountRegistrationTest
2025-10-28 22:30:46,278 - **** Starting of TC001_AccountRegistrationTest ****
2025-10-28 22:30:46,319 - **** Clicked on MyAccount ****
2025-10-28 22:30:47,059 - **** Clicked on Register ****
2025-10-28 22:30:47,060 - **** Providing the customer details ****
2025-10-28 22:30:48,726 - **** Finished the TC001_AccountRegistrationTest
2025-10-28 22:34:07,763 - [TestNG] Running:
  /Users/Harsha/Documents/GitHub/Automation-projects-portifolio/OpencartV121/Master.xml

2025-10-28 22:40:44,737 - [TestNG] Running:
  /Users/Harsha/Documents/GitHub/Automation-projects-portifolio/OpencartV121/Master.xml

2025-10-28 22:49:56,475 - [TestNG] Running:
  /Users/Harsha/Documents/GitHub/Automation-projects-portifolio/OpencartV121/Master.xml

2025-10-28 22:57:36,680 - [TestNG] Running:
  /Users/Harsha/Documents/GitHub/Automation-projects-portifolio/OpencartV121/crossbrowsertesting.xml

2025-10-28 22:57:41,873 - **** Starting of TC001_AccountRegistrationTest ****
2025-10-28 22:57:41,933 - **** Clicked on MyAccount ****
2025-10-28 22:57:42,283 - **** Starting of TC001_AccountRegistrationTest ****
2025-10-28 22:57:42,319 - **** Clicked on MyAccount ****
2025-10-28 22:57:42,330 - **** Clicked on Register ****
2025-10-28 22:57:42,332 - **** Providing the customer details ****
2025-10-28 22:57:43,049 - **** Clicked on Register ****
2025-10-28 22:57:43,050 - **** Providing the customer details ****
2025-10-28 22:57:43,464 - **** Finished the TC001_AccountRegistrationTest
2025-10-28 22:57:44,171 - **** Finished the TC001_AccountRegistrationTest
2025-10-28 23:19:51,088 - [TestNG] Running:
  /Users/Harsha/Documents/GitHub/Automation-projects-portifolio/OpencartV121/Master.xml

2025-10-28 23:22:00,984 - [TestNG] Running:
  /Users/Harsha/Documents/GitHub/Automation-projects-portifolio/OpencartV121/Master.xml

2025-10-28 23:24:43,842 - [TestNG] Running:
  /Users/Harsha/Documents/GitHub/Automation-projects-portifolio/OpencartV121/Master.xml

2025-10-28 23:27:51,544 - [TestNG] Running:
  /Users/Harsha/Documents/GitHub/Automation-projects-portifolio/OpencartV121/Master.xml

2025-10-28 23:27:55,392 - **** Starting of TC001_AccountRegistrationTest ****
2025-10-28 23:27:55,453 - **** Clicked on MyAccount ****
2025-10-28 23:27:55,817 - **** Clicked on Register ****
2025-10-28 23:27:55,818 - **** Providing the customer details ****
2025-10-28 23:27:57,100 - **** Finished the TC001_AccountRegistrationTest
2025-10-28 23:28:13,928 - [TestNG] Running:
  /Users/Harsha/Documents/GitHub/Automation-projects-portifolio/OpencartV121/Master.xml

2025-10-28 23:28:16,604 - **** Starting of TC001_AccountRegistrationTest ****
2025-10-28 23:28:16,650 - **** Clicked on MyAccount ****
2025-10-28 23:28:17,088 - **** Clicked on Register ****
2025-10-28 23:28:17,090 - **** Providing the customer details ****
2025-10-28 23:28:18,365 - **** Finished the TC001_AccountRegistrationTest
2025-10-28 23:28:29,055 - [TestNG] Running:
  /Users/Harsha/Documents/GitHub/Automation-projects-portifolio/OpencartV121/crossbrowsertesting.xml

2025-10-28 23:28:32,059 - **** Starting of TC001_AccountRegistrationTest ****
2025-10-28 23:28:32,102 - **** Clicked on MyAccount ****
2025-10-28 23:28:32,630 - **** Clicked on Register ****
2025-10-28 23:28:32,632 - **** Providing the customer details ****
2025-10-28 23:28:33,270 - **** Starting of TC001_AccountRegistrationTest ****
2025-10-28 23:28:33,330 - **** Clicked on MyAccount ****
2025-10-28 23:28:33,698 - **** Clicked on Register ****
2025-10-28 23:28:33,701 - **** Providing the customer details ****
2025-10-28 23:28:33,712 - **** Finished the TC001_AccountRegistrationTest
2025-10-28 23:28:34,691 - **** Finished the TC001_AccountRegistrationTest
2025-10-28 23:29:26,525 - [TestNG] Running:
  /Users/Harsha/Documents/GitHub/Automation-projects-portifolio/OpencartV121/Master.xml

2025-10-29 00:38:37,423 - [TestNG] Running:
  /Users/Harsha/Documents/GitHub/Automation-projects-portifolio/OpencartV121/Master.xml

2025-10-29 00:39:14,422 - [TestNG] Running:
  /Users/Harsha/Documents/GitHub/Automation-projects-portifolio/OpencartV121/Master.xml

2025-10-29 00:39:22,151 - **** Started TC002_LoginTest ****
2025-10-29 00:41:20,881 - [TestNG] Running:
  /Users/Harsha/Documents/GitHub/Automation-projects-portifolio/OpencartV121/Master.xml

2025-10-29 00:41:24,446 - **** Started TC002_LoginTest ****
2025-10-29 00:41:26,141 - **** Finished TC002_LoginTest ****
2025-10-29 10:56:28,150 - [TestNG] Running:
  /Users/Harsha/Documents/GitHub/Automation-projects-portifolio/OpencartV121/Master.xml

2025-10-29 10:56:36,752 - **** Started TC002_LoginTest ****
2025-10-29 10:56:37,848 - **** Finished TC002_LoginTest ****
2025-10-29 17:58:36,181 - [TestNG] Running:
  /Users/Harsha/Documents/GitHub/Automation-projects-portifolio/OpencartV121/Master.xml

2025-10-29 17:58:46,060 - **** Started TC003_LoginDDT ****
2025-10-29 17:58:57,246 - **** Validation started for exp value ****
2025-10-29 17:58:57,259 - **** Started TC003_LoginDDT ****
2025-10-29 17:59:07,848 - **** Validation started for exp value ****
2025-10-29 17:59:07,852 - **** Finished TC003_LoginDDT ****
2025-10-29 17:59:07,854 - **** Started TC003_LoginDDT ****
2025-10-29 17:59:18,287 - **** Validation started for exp value ****
2025-10-29 17:59:18,287 - **** Finished TC003_LoginDDT ****
2025-10-29 17:59:18,290 - **** Started TC003_LoginDDT ****
2025-10-29 17:59:28,696 - **** Validation started for exp value ****
2025-10-29 17:59:28,697 - **** Finished TC003_LoginDDT ****
2025-10-29 17:59:28,699 - **** Started TC003_LoginDDT ****
2025-10-29 17:59:30,340 - **** Validation started for exp value ****
2025-10-29 17:59:30,788 - **** Finished TC003_LoginDDT ****
2025-10-29 18:02:37,867 - [TestNG] Running:
  /Users/Harsha/Documents/GitHub/Automation-projects-portifolio/OpencartV121/Master.xml

2025-10-29 18:02:42,534 - **** Started TC003_LoginDDT ****
2025-10-29 18:02:43,917 - **** Validation started for exp value ****
2025-10-29 18:02:44,307 - **** Finished TC003_LoginDDT ****
2025-10-29 18:02:44,310 - **** Started TC003_LoginDDT ****
2025-10-29 18:02:55,417 - **** Validation started for exp value ****
2025-10-29 18:02:55,418 - **** Finished TC003_LoginDDT ****
2025-10-29 18:02:55,419 - **** Started TC003_LoginDDT ****
2025-10-29 18:03:05,873 - **** Validation started for exp value ****
2025-10-29 18:03:05,876 - **** Finished TC003_LoginDDT ****
2025-10-29 18:03:05,879 - **** Started TC003_LoginDDT ****
2025-10-29 18:03:16,350 - **** Validation started for exp value ****
2025-10-29 18:03:16,350 - **** Finished TC003_LoginDDT ****
2025-10-29 18:03:16,352 - **** Started TC003_LoginDDT ****
2025-10-29 18:03:17,530 - **** Validation started for exp value ****
2025-10-29 18:03:17,922 - **** Finished TC003_LoginDDT ****
2025-10-29 18:04:48,836 - [TestNG] Running:
  /Users/Harsha/Documents/GitHub/Automation-projects-portifolio/OpencartV121/Master.xml

2025-10-29 18:04:52,777 - **** Started TC003_LoginDDT ****
2025-10-29 18:05:03,235 - **** Validation started for exp value ****
2025-10-29 18:05:03,250 - **** Started TC003_LoginDDT ****
2025-10-29 18:05:14,706 - **** Validation started for exp value ****
2025-10-29 18:05:14,707 - **** Finished TC003_LoginDDT ****
2025-10-29 18:05:14,710 - **** Started TC003_LoginDDT ****
2025-10-29 18:05:25,165 - **** Validation started for exp value ****
2025-10-29 18:05:25,165 - **** Finished TC003_LoginDDT ****
2025-10-29 18:05:25,168 - **** Started TC003_LoginDDT ****
2025-10-29 18:05:35,615 - **** Validation started for exp value ****
2025-10-29 18:05:35,617 - **** Finished TC003_LoginDDT ****
2025-10-29 18:05:35,621 - **** Started TC003_LoginDDT ****
2025-10-29 18:05:46,010 - **** Validation started for exp value ****
2025-10-29 18:09:55,832 - [TestNG] Running:
  /Users/Harsha/Documents/GitHub/Automation-projects-portifolio/OpencartV121/Master.xml

2025-10-29 18:09:59,741 - **** Started TC003_LoginDDT ****
2025-10-29 18:10:06,918 - **** Validation started for exp value ****
2025-10-29 18:10:06,928 - **** Started TC003_LoginDDT ****
2025-10-29 18:10:06,932 - **** Started TC003_LoginDDT ****
2025-10-29 18:10:06,939 - **** Started TC003_LoginDDT ****
2025-10-29 18:10:06,950 - **** Started TC003_LoginDDT ****
2025-10-29 18:10:24,873 - [TestNG] Running:
  /Users/Harsha/Documents/GitHub/Automation-projects-portifolio/OpencartV121/Master.xml

2025-10-29 18:10:29,585 - **** Started TC003_LoginDDT ****
2025-10-29 18:10:40,022 - **** Validation started for exp value ****
2025-10-29 18:10:40,035 - **** Started TC003_LoginDDT ****
2025-10-29 18:10:50,488 - **** Validation started for exp value ****
2025-10-29 18:10:50,489 - **** Finished TC003_LoginDDT ****
2025-10-29 18:10:50,493 - **** Started TC003_LoginDDT ****
2025-10-29 18:11:00,958 - **** Validation started for exp value ****
2025-10-29 18:11:00,960 - **** Finished TC003_LoginDDT ****
2025-10-29 18:11:00,962 - **** Started TC003_LoginDDT ****
2025-10-29 18:11:11,326 - **** Validation started for exp value ****
2025-10-29 18:11:11,326 - **** Finished TC003_LoginDDT ****
2025-10-29 18:11:11,329 - **** Started TC003_LoginDDT ****
2025-10-29 18:11:21,723 - **** Validation started for exp value ****
2025-10-29 18:15:20,954 - [TestNG] Running:
  /Users/Harsha/Documents/GitHub/Automation-projects-portifolio/OpencartV121/Master.xml

2025-10-29 18:15:25,032 - **** Started TC003_LoginDDT ****
2025-10-29 18:15:35,471 - **** Started TC003_LoginDDT ****
2025-10-29 18:15:46,085 - **** Started TC003_LoginDDT ****
2025-10-29 18:15:56,545 - **** Started TC003_LoginDDT ****
2025-10-29 18:16:06,890 - **** Started TC003_LoginDDT ****
2025-10-29 18:18:58,606 - [TestNG] Running:
  /Users/Harsha/Documents/GitHub/Automation-projects-portifolio/OpencartV121/Master.xml

2025-10-29 18:19:05,459 - **** Started TC003_LoginDDT ****
2025-10-29 18:19:06,977 - **** Validation started for exp value ****
2025-10-29 18:19:07,372 - **** Finished TC003_LoginDDT ****
2025-10-29 18:19:07,377 - **** Started TC003_LoginDDT ****
2025-10-29 18:19:17,788 - **** Validation started for exp value ****
2025-10-29 18:19:17,789 - **** Finished TC003_LoginDDT ****
2025-10-29 18:19:17,792 - **** Started TC003_LoginDDT ****
2025-10-29 18:19:33,119 - **** Validation started for exp value ****
2025-10-29 18:19:33,119 - **** Finished TC003_LoginDDT ****
2025-10-29 18:19:33,122 - **** Started TC003_LoginDDT ****
2025-10-29 18:19:43,860 - **** Validation started for exp value ****
2025-10-29 18:19:43,860 - **** Finished TC003_LoginDDT ****
2025-10-29 18:19:43,863 - **** Started TC003_LoginDDT ****
2025-10-29 18:19:45,046 - **** Validation started for exp value ****
2025-10-29 18:19:45,463 - **** Finished TC003_LoginDDT ****
2025-10-29 18:20:32,005 - [TestNG] Running:
  /Users/Harsha/Documents/GitHub/Automation-projects-portifolio/OpencartV121/Master.xml

2025-10-29 18:20:37,981 - **** Started TC003_LoginDDT ****
2025-10-29 18:20:48,480 - **** Validation started for exp value ****
2025-10-29 18:20:48,492 - **** Started TC003_LoginDDT ****
2025-10-29 18:20:59,137 - **** Validation started for exp value ****
2025-10-29 18:20:59,138 - **** Finished TC003_LoginDDT ****
2025-10-29 18:20:59,141 - **** Started TC003_LoginDDT ****
2025-10-29 18:21:10,080 - **** Validation started for exp value ****
2025-10-29 18:21:10,081 - **** Finished TC003_LoginDDT ****
2025-10-29 18:21:10,084 - **** Started TC003_LoginDDT ****
2025-10-29 18:21:20,842 - **** Validation started for exp value ****
2025-10-29 18:21:20,843 - **** Finished TC003_LoginDDT ****
2025-10-29 18:21:20,845 - **** Started TC003_LoginDDT ****
2025-10-29 18:21:31,532 - **** Validation started for exp value ****
2025-10-29 18:24:09,654 - [TestNG] Running:
  /Users/Harsha/Documents/GitHub/Automation-projects-portifolio/OpencartV121/Master.xml

2025-10-29 18:24:13,573 - **** Started TC003_LoginDDT ****
2025-10-29 18:24:13,575 - Exception occurred during login test: Cannot invoke "pageObjects.HomePage.ClickMyaccount()" because "hp" is null
2025-10-29 18:24:13,580 - **** Started TC003_LoginDDT ****
2025-10-29 18:24:13,580 - Exception occurred during login test: Cannot invoke "pageObjects.HomePage.ClickMyaccount()" because "hp" is null
2025-10-29 18:24:13,581 - **** Started TC003_LoginDDT ****
2025-10-29 18:24:13,581 - Exception occurred during login test: Cannot invoke "pageObjects.HomePage.ClickMyaccount()" because "hp" is null
2025-10-29 18:24:13,582 - **** Started TC003_LoginDDT ****
2025-10-29 18:24:13,582 - Exception occurred during login test: Cannot invoke "pageObjects.HomePage.ClickMyaccount()" because "hp" is null
2025-10-29 18:24:13,583 - **** Started TC003_LoginDDT ****
2025-10-29 18:24:13,583 - Exception occurred during login test: Cannot invoke "pageObjects.HomePage.ClickMyaccount()" because "hp" is null
2025-10-29 18:26:42,629 - [TestNG] Running:
  /Users/Harsha/Documents/GitHub/Automation-projects-portifolio/OpencartV121/Master.xml

2025-10-29 18:26:47,104 - **** Started TC003_LoginDDT ****
2025-10-29 18:26:47,106 - Exception occurred during login test: Cannot invoke "pageObjects.HomePage.ClickMyaccount()" because "hp" is null
2025-10-29 18:26:47,106 - Exception details: 
java.lang.NullPointerException: Cannot invoke "pageObjects.HomePage.ClickMyaccount()" because "hp" is null
	at testCases.TC003_LoginDDT.verify_LoginDDT(TC003_LoginDDT.java:21)
	at java.base/jdk.internal.reflect.NativeMethodAccessorImpl.invoke0(Native Method)
	at java.base/jdk.internal.reflect.NativeMethodAccessorImpl.invoke(NativeMethodAccessorImpl.java:77)
	at java.base/jdk.internal.reflect.DelegatingMethodAccessorImpl.invoke(DelegatingMethodAccessorImpl.java:43)
	at java.base/java.lang.reflect.Method.invoke(Method.java:568)
	at org.testng.internal.invokers.MethodInvocationHelper.invokeMethod(MethodInvocationHelper.java:141)
	at org.testng.internal.invokers.TestInvoker.invokeMethod(TestInvoker.java:687)
	at org.testng.internal.invokers.TestInvoker.invokeTestMethod(TestInvoker.java:230)
	at org.testng.internal.invokers.MethodRunner.runInSequence(MethodRunner.java:63)
	at org.testng.internal.invokers.TestInvoker$MethodInvocationAgent.invoke(TestInvoker.java:995)
	at org.testng.internal.invokers.TestInvoker.invokeTestMethods(TestInvoker.java:203)
	at org.testng.internal.invokers.TestMethodWorker.invokeTestMethods(TestMethodWorker.java:154)
	at org.testng.internal.invokers.TestMethodWorker.run(TestMethodWorker.java:134)
	at java.base/java.util.ArrayList.forEach(ArrayList.java:1511)
	at org.testng.TestRunner.privateRun(TestRunner.java:741)
	at org.testng.TestRunner.run(TestRunner.java:616)
	at org.testng.SuiteRunner.runTest(SuiteRunner.java:421)
	at org.testng.SuiteRunner.runSequentially(SuiteRunner.java:413)
	at org.testng.SuiteRunner.privateRun(SuiteRunner.java:373)
	at org.testng.SuiteRunner.run(SuiteRunner.java:312)
	at org.testng.SuiteRunnerWorker.runSuite(SuiteRunnerWorker.java:52)
	at org.testng.SuiteRunnerWorker.run(SuiteRunnerWorker.java:95)
	at org.testng.TestNG.runSuitesSequentially(TestNG.java:1274)
	at org.testng.TestNG.runSuitesLocally(TestNG.java:1208)
	at org.testng.TestNG.runSuites(TestNG.java:1112)
	at org.testng.TestNG.run(TestNG.java:1079)
	at org.testng.remote.AbstractRemoteTestNG.run(AbstractRemoteTestNG.java:115)
	at org.testng.remote.RemoteTestNG.initAndRun(RemoteTestNG.java:293)
	at org.testng.remote.RemoteTestNG.main(RemoteTestNG.java:91)
2025-10-29 18:26:47,112 - **** Started TC003_LoginDDT ****
2025-10-29 18:26:47,112 - Exception occurred during login test: Cannot invoke "pageObjects.HomePage.ClickMyaccount()" because "hp" is null
2025-10-29 18:26:47,112 - Exception details: 
java.lang.NullPointerException: Cannot invoke "pageObjects.HomePage.ClickMyaccount()" because "hp" is null
	at testCases.TC003_LoginDDT.verify_LoginDDT(TC003_LoginDDT.java:21)
	at java.base/jdk.internal.reflect.NativeMethodAccessorImpl.invoke0(Native Method)
	at java.base/jdk.internal.reflect.NativeMethodAccessorImpl.invoke(NativeMethodAccessorImpl.java:77)
	at java.base/jdk.internal.reflect.DelegatingMethodAccessorImpl.invoke(DelegatingMethodAccessorImpl.java:43)
	at java.base/java.lang.reflect.Method.invoke(Method.java:568)
	at org.testng.internal.invokers.MethodInvocationHelper.invokeMethod(MethodInvocationHelper.java:141)
	at org.testng.internal.invokers.TestInvoker.invokeMethod(TestInvoker.java:687)
	at org.testng.internal.invokers.TestInvoker.invokeTestMethod(TestInvoker.java:230)
	at org.testng.internal.invokers.MethodRunner.runInSequence(MethodRunner.java:63)
	at org.testng.internal.invokers.TestInvoker$MethodInvocationAgent.invoke(TestInvoker.java:995)
	at org.testng.internal.invokers.TestInvoker.invokeTestMethods(TestInvoker.java:203)
	at org.testng.internal.invokers.TestMethodWorker.invokeTestMethods(TestMethodWorker.java:154)
	at org.testng.internal.invokers.TestMethodWorker.run(TestMethodWorker.java:134)
	at java.base/java.util.ArrayList.forEach(ArrayList.java:1511)
	at org.testng.TestRunner.privateRun(TestRunner.java:741)
	at org.testng.TestRunner.run(TestRunner.java:616)
	at org.testng.SuiteRunner.runTest(SuiteRunner.java:421)
	at org.testng.SuiteRunner.runSequentially(SuiteRunner.java:413)
	at org.testng.SuiteRunner.privateRun(SuiteRunner.java:373)
	at org.testng.SuiteRunner.run(SuiteRunner.java:312)
	at org.testng.SuiteRunnerWorker.runSuite(SuiteRunnerWorker.java:52)
	at org.testng.SuiteRunnerWorker.run(SuiteRunnerWorker.java:95)
	at org.testng.TestNG.runSuitesSequentially(TestNG.java:1274)
	at org.testng.TestNG.runSuitesLocally(TestNG.java:1208)
	at org.testng.TestNG.runSuites(TestNG.java:1112)
	at org.testng.TestNG.run(TestNG.java:1079)
	at org.testng.remote.AbstractRemoteTestNG.run(AbstractRemoteTestNG.java:115)
	at org.testng.remote.RemoteTestNG.initAndRun(RemoteTestNG.java:293)
	at org.testng.remote.RemoteTestNG.main(RemoteTestNG.java:91)
2025-10-29 18:26:47,113 - **** Started TC003_LoginDDT ****
2025-10-29 18:26:47,113 - Exception occurred during login test: Cannot invoke "pageObjects.HomePage.ClickMyaccount()" because "hp" is null
2025-10-29 18:26:47,113 - Exception details: 
java.lang.NullPointerException: Cannot invoke "pageObjects.HomePage.ClickMyaccount()" because "hp" is null
	at testCases.TC003_LoginDDT.verify_LoginDDT(TC003_LoginDDT.java:21)
	at java.base/jdk.internal.reflect.NativeMethodAccessorImpl.invoke0(Native Method)
	at java.base/jdk.internal.reflect.NativeMethodAccessorImpl.invoke(NativeMethodAccessorImpl.java:77)
	at java.base/jdk.internal.reflect.DelegatingMethodAccessorImpl.invoke(DelegatingMethodAccessorImpl.java:43)
	at java.base/java.lang.reflect.Method.invoke(Method.java:568)
	at org.testng.internal.invokers.MethodInvocationHelper.invokeMethod(MethodInvocationHelper.java:141)
	at org.testng.internal.invokers.TestInvoker.invokeMethod(TestInvoker.java:687)
	at org.testng.internal.invokers.TestInvoker.invokeTestMethod(TestInvoker.java:230)
	at org.testng.internal.invokers.MethodRunner.runInSequence(MethodRunner.java:63)
	at org.testng.internal.invokers.TestInvoker$MethodInvocationAgent.invoke(TestInvoker.java:995)
	at org.testng.internal.invokers.TestInvoker.invokeTestMethods(TestInvoker.java:203)
	at org.testng.internal.invokers.TestMethodWorker.invokeTestMethods(TestMethodWorker.java:154)
	at org.testng.internal.invokers.TestMethodWorker.run(TestMethodWorker.java:134)
	at java.base/java.util.ArrayList.forEach(ArrayList.java:1511)
	at org.testng.TestRunner.privateRun(TestRunner.java:741)
	at org.testng.TestRunner.run(TestRunner.java:616)
	at org.testng.SuiteRunner.runTest(SuiteRunner.java:421)
	at org.testng.SuiteRunner.runSequentially(SuiteRunner.java:413)
	at org.testng.SuiteRunner.privateRun(SuiteRunner.java:373)
	at org.testng.SuiteRunner.run(SuiteRunner.java:312)
	at org.testng.SuiteRunnerWorker.runSuite(SuiteRunnerWorker.java:52)
	at org.testng.SuiteRunnerWorker.run(SuiteRunnerWorker.java:95)
	at org.testng.TestNG.runSuitesSequentially(TestNG.java:1274)
	at org.testng.TestNG.runSuitesLocally(TestNG.java:1208)
	at org.testng.TestNG.runSuites(TestNG.java:1112)
	at org.testng.TestNG.run(TestNG.java:1079)
	at org.testng.remote.AbstractRemoteTestNG.run(AbstractRemoteTestNG.java:115)
	at org.testng.remote.RemoteTestNG.initAndRun(RemoteTestNG.java:293)
	at org.testng.remote.RemoteTestNG.main(RemoteTestNG.java:91)
2025-10-29 18:26:47,114 - **** Started TC003_LoginDDT ****
2025-10-29 18:26:47,114 - Exception occurred during login test: Cannot invoke "pageObjects.HomePage.ClickMyaccount()" because "hp" is null
2025-10-29 18:26:47,114 - Exception details: 
java.lang.NullPointerException: Cannot invoke "pageObjects.HomePage.ClickMyaccount()" because "hp" is null
	at testCases.TC003_LoginDDT.verify_LoginDDT(TC003_LoginDDT.java:21)
	at java.base/jdk.internal.reflect.NativeMethodAccessorImpl.invoke0(Native Method)
	at java.base/jdk.internal.reflect.NativeMethodAccessorImpl.invoke(NativeMethodAccessorImpl.java:77)
	at java.base/jdk.internal.reflect.DelegatingMethodAccessorImpl.invoke(DelegatingMethodAccessorImpl.java:43)
	at java.base/java.lang.reflect.Method.invoke(Method.java:568)
	at org.testng.internal.invokers.MethodInvocationHelper.invokeMethod(MethodInvocationHelper.java:141)
	at org.testng.internal.invokers.TestInvoker.invokeMethod(TestInvoker.java:687)
	at org.testng.internal.invokers.TestInvoker.invokeTestMethod(TestInvoker.java:230)
	at org.testng.internal.invokers.MethodRunner.runInSequence(MethodRunner.java:63)
	at org.testng.internal.invokers.TestInvoker$MethodInvocationAgent.invoke(TestInvoker.java:995)
	at org.testng.internal.invokers.TestInvoker.invokeTestMethods(TestInvoker.java:203)
	at org.testng.internal.invokers.TestMethodWorker.invokeTestMethods(TestMethodWorker.java:154)
	at org.testng.internal.invokers.TestMethodWorker.run(TestMethodWorker.java:134)
	at java.base/java.util.ArrayList.forEach(ArrayList.java:1511)
	at org.testng.TestRunner.privateRun(TestRunner.java:741)
	at org.testng.TestRunner.run(TestRunner.java:616)
	at org.testng.SuiteRunner.runTest(SuiteRunner.java:421)
	at org.testng.SuiteRunner.runSequentially(SuiteRunner.java:413)
	at org.testng.SuiteRunner.privateRun(SuiteRunner.java:373)
	at org.testng.SuiteRunner.run(SuiteRunner.java:312)
	at org.testng.SuiteRunnerWorker.runSuite(SuiteRunnerWorker.java:52)
	at org.testng.SuiteRunnerWorker.run(SuiteRunnerWorker.java:95)
	at org.testng.TestNG.runSuitesSequentially(TestNG.java:1274)
	at org.testng.TestNG.runSuitesLocally(TestNG.java:1208)
	at org.testng.TestNG.runSuites(TestNG.java:1112)
	at org.testng.TestNG.run(TestNG.java:1079)
	at org.testng.remote.AbstractRemoteTestNG.run(AbstractRemoteTestNG.java:115)
	at org.testng.remote.RemoteTestNG.initAndRun(RemoteTestNG.java:293)
	at org.testng.remote.RemoteTestNG.main(RemoteTestNG.java:91)
2025-10-29 18:26:47,115 - **** Started TC003_LoginDDT ****
2025-10-29 18:26:47,115 - Exception occurred during login test: Cannot invoke "pageObjects.HomePage.ClickMyaccount()" because "hp" is null
2025-10-29 18:26:47,115 - Exception details: 
java.lang.NullPointerException: Cannot invoke "pageObjects.HomePage.ClickMyaccount()" because "hp" is null
	at testCases.TC003_LoginDDT.verify_LoginDDT(TC003_LoginDDT.java:21)
	at java.base/jdk.internal.reflect.NativeMethodAccessorImpl.invoke0(Native Method)
	at java.base/jdk.internal.reflect.NativeMethodAccessorImpl.invoke(NativeMethodAccessorImpl.java:77)
	at java.base/jdk.internal.reflect.DelegatingMethodAccessorImpl.invoke(DelegatingMethodAccessorImpl.java:43)
	at java.base/java.lang.reflect.Method.invoke(Method.java:568)
	at org.testng.internal.invokers.MethodInvocationHelper.invokeMethod(MethodInvocationHelper.java:141)
	at org.testng.internal.invokers.TestInvoker.invokeMethod(TestInvoker.java:687)
	at org.testng.internal.invokers.TestInvoker.invokeTestMethod(TestInvoker.java:230)
	at org.testng.internal.invokers.MethodRunner.runInSequence(MethodRunner.java:63)
	at org.testng.internal.invokers.TestInvoker$MethodInvocationAgent.invoke(TestInvoker.java:995)
	at org.testng.internal.invokers.TestInvoker.invokeTestMethods(TestInvoker.java:203)
	at org.testng.internal.invokers.TestMethodWorker.invokeTestMethods(TestMethodWorker.java:154)
	at org.testng.internal.invokers.TestMethodWorker.run(TestMethodWorker.java:134)
	at java.base/java.util.ArrayList.forEach(ArrayList.java:1511)
	at org.testng.TestRunner.privateRun(TestRunner.java:741)
	at org.testng.TestRunner.run(TestRunner.java:616)
	at org.testng.SuiteRunner.runTest(SuiteRunner.java:421)
	at org.testng.SuiteRunner.runSequentially(SuiteRunner.java:413)
	at org.testng.SuiteRunner.privateRun(SuiteRunner.java:373)
	at org.testng.SuiteRunner.run(SuiteRunner.java:312)
	at org.testng.SuiteRunnerWorker.runSuite(SuiteRunnerWorker.java:52)
	at org.testng.SuiteRunnerWorker.run(SuiteRunnerWorker.java:95)
	at org.testng.TestNG.runSuitesSequentially(TestNG.java:1274)
	at org.testng.TestNG.runSuitesLocally(TestNG.java:1208)
	at org.testng.TestNG.runSuites(TestNG.java:1112)
	at org.testng.TestNG.run(TestNG.java:1079)
	at org.testng.remote.AbstractRemoteTestNG.run(AbstractRemoteTestNG.java:115)
	at org.testng.remote.RemoteTestNG.initAndRun(RemoteTestNG.java:293)
	at org.testng.remote.RemoteTestNG.main(RemoteTestNG.java:91)
2025-10-29 23:46:28,037 - [TestNG] Running:
  /Users/Harsha/Documents/GitHub/Automation-projects-portifolio/OpencartV121/grouping.xml

2025-10-29 23:46:34,939 - **** Starting of TC001_AccountRegistrationTest ****
2025-10-29 23:46:34,989 - **** Clicked on MyAccount ****
2025-10-29 23:46:35,377 - **** Clicked on Register ****
2025-10-29 23:46:35,379 - **** Providing the customer details ****
2025-10-29 23:46:36,835 - **** Finished the TC001_AccountRegistrationTest
2025-10-29 23:46:39,460 - **** Started TC002_LoginTest ****
2025-10-29 23:46:40,902 - **** Finished TC002_LoginTest ****
2025-10-29 23:46:43,713 - **** Started TC003_LoginDDT ****
2025-10-29 23:46:44,983 - **** Validation started for exp value ****
2025-10-29 23:46:45,392 - **** Finished TC003_LoginDDT ****
2025-10-29 23:46:45,394 - **** Started TC003_LoginDDT ****
2025-10-29 23:46:55,795 - **** Validation started for exp value ****
2025-10-29 23:46:55,796 - **** Finished TC003_LoginDDT ****
2025-10-29 23:46:55,798 - **** Started TC003_LoginDDT ****
2025-10-29 23:47:06,343 - **** Validation started for exp value ****
2025-10-29 23:47:06,345 - **** Finished TC003_LoginDDT ****
2025-10-29 23:47:06,347 - **** Started TC003_LoginDDT ****
2025-10-29 23:47:17,750 - **** Validation started for exp value ****
2025-10-29 23:47:17,752 - **** Finished TC003_LoginDDT ****
2025-10-29 23:47:17,755 - **** Started TC003_LoginDDT ****
2025-10-29 23:47:18,895 - **** Validation started for exp value ****
2025-10-29 23:47:19,247 - **** Finished TC003_LoginDDT ****
2025-10-29 23:48:26,607 - [TestNG] Running:
  /Users/Harsha/Documents/GitHub/Automation-projects-portifolio/OpencartV121/grouping.xml

2025-10-29 23:48:35,281 - [TestNG] Running:
  /Users/Harsha/Documents/GitHub/Automation-projects-portifolio/OpencartV121/grouping.xml

2025-10-29 23:48:38,602 - **** Starting of TC001_AccountRegistrationTest ****
2025-10-29 23:48:38,642 - **** Clicked on MyAccount ****
2025-10-29 23:48:39,025 - **** Clicked on Register ****
2025-10-29 23:48:39,026 - **** Providing the customer details ****
2025-10-29 23:48:40,482 - **** Finished the TC001_AccountRegistrationTest
2025-10-29 23:48:42,958 - **** Started TC002_LoginTest ****
2025-10-29 23:48:44,384 - **** Finished TC002_LoginTest ****
2025-10-30 21:35:54,939 - [TestNG] Running:
  /Users/Harsha/Documents/GitHub/Automation-projects-portifolio/OpencartV121/Master.xml

2025-10-30 21:36:08,668 - **** Starting of TC001_AccountRegistrationTest ****
2025-10-30 21:36:08,717 - **** Clicked on MyAccount ****
2025-10-30 21:36:09,344 - **** Clicked on Register ****
2025-10-30 21:36:09,345 - **** Providing the customer details ****
2025-10-30 21:36:10,924 - **** Finished the TC001_AccountRegistrationTest
2025-10-30 21:36:14,824 - **** Started TC002_LoginTest ****
2025-10-30 21:36:15,956 - **** Finished TC002_LoginTest ****
2025-10-30 21:38:20,258 - [TestNG] Running:
  /Users/Harsha/Documents/GitHub/Automation-projects-portifolio/OpencartV121/crossbrowsertesting.xml

2025-10-30 21:38:24,337 - **** Starting of TC001_AccountRegistrationTest ****
2025-10-30 21:38:24,447 - **** Clicked on MyAccount ****
2025-10-30 21:38:25,003 - **** Clicked on Register ****
2025-10-30 21:38:25,003 - **** Providing the customer details ****
2025-10-30 21:38:36,601 - **** Starting of TC001_AccountRegistrationTest ****
2025-10-30 21:38:36,804 - **** Clicked on MyAccount ****
2025-10-30 21:39:35,626 - [TestNG] Running:
  /Users/Harsha/Documents/GitHub/Automation-projects-portifolio/OpencartV121/crossbrowsertesting.xml

2025-10-30 21:39:44,444 - **** Starting of TC001_AccountRegistrationTest ****
2025-10-30 21:39:44,444 - **** Starting of TC001_AccountRegistrationTest ****
2025-10-30 21:39:44,490 - **** Clicked on MyAccount ****
2025-10-30 21:39:44,514 - **** Clicked on MyAccount ****
2025-10-30 21:40:04,110 - **** Clicked on Register ****
2025-10-30 21:40:04,114 - **** Providing the customer details ****
2025-10-30 21:42:11,809 - [TestNG] Running:
  /Users/Harsha/Documents/GitHub/Automation-projects-portifolio/OpencartV121/crossbrowsertesting.xml

2025-10-30 21:42:19,877 - **** Starting of TC001_AccountRegistrationTest ****
2025-10-30 21:42:19,877 - **** Starting of TC001_AccountRegistrationTest ****
2025-10-30 21:42:19,929 - **** Clicked on MyAccount ****
2025-10-30 21:42:19,947 - **** Clicked on MyAccount ****
2025-10-30 21:42:43,965 - **** Started TC002_LoginTest ****
2025-10-30 21:42:43,965 - **** Started TC002_LoginTest ****
2025-10-30 21:44:50,854 - [TestNG] Running:
  /Users/Harsha/Documents/GitHub/Automation-projects-portifolio/OpencartV121/Master.xml

2025-10-30 21:44:55,274 - **** Starting of TC001_AccountRegistrationTest ****
2025-10-30 21:44:55,327 - **** Clicked on MyAccount ****
2025-10-30 21:44:56,157 - **** Clicked on Register ****
2025-10-30 21:44:56,158 - **** Providing the customer details ****
2025-10-30 21:44:57,246 - **** Finished the TC001_AccountRegistrationTest
2025-10-30 21:45:00,484 - **** Started TC002_LoginTest ****
2025-10-30 21:45:02,204 - **** Finished TC002_LoginTest ****
2025-10-30 21:45:16,824 - [TestNG] Running:
  /Users/Harsha/Documents/GitHub/Automation-projects-portifolio/OpencartV121/grouping.xml

2025-10-30 21:45:24,782 - **** Starting of TC001_AccountRegistrationTest ****
2025-10-30 21:45:24,838 - **** Clicked on MyAccount ****
2025-10-30 21:45:26,242 - **** Clicked on Register ****
2025-10-30 21:45:26,244 - **** Providing the customer details ****
2025-10-30 21:45:27,404 - **** Finished the TC001_AccountRegistrationTest
2025-10-30 21:45:32,334 - **** Started TC002_LoginTest ****
2025-10-30 21:45:34,028 - **** Finished TC002_LoginTest ****
2025-10-30 21:48:04,559 - [TestNG] Running:
  /Users/Harsha/Documents/GitHub/Automation-projects-portifolio/OpencartV121/Master.xml

2025-10-30 21:48:10,355 - **** Starting of TC001_AccountRegistrationTest ****
2025-10-30 21:48:10,400 - **** Clicked on MyAccount ****
2025-10-30 21:48:11,261 - **** Clicked on Register ****
2025-10-30 21:48:11,262 - **** Providing the customer details ****
2025-10-30 21:48:12,287 - **** Finished the TC001_AccountRegistrationTest
2025-10-30 21:48:17,182 - **** Started TC002_LoginTest ****
2025-10-30 21:48:19,707 - **** Finished TC002_LoginTest ****
2025-10-30 21:58:30,685 - [TestNG] Running:
  /Users/Harsha/Documents/GitHub/Automation-projects-portifolio/OpencartV121/crossbrowsertesting.xml

2025-10-30 21:58:36,810 - **** Starting of TC001_AccountRegistrationTest ****
2025-10-30 21:58:43,547 - **** Starting of TC001_AccountRegistrationTest ****
2025-10-30 21:58:43,599 - **** Clicked on MyAccount ****
2025-10-30 21:58:43,624 - **** Clicked on MyAccount ****
2025-10-30 21:59:18,667 - **** Started TC002_LoginTest ****
2025-10-30 21:59:18,667 - **** Started TC002_LoginTest ****
2025-10-30 22:08:07,843 - [TestNG] Running:
  /Users/Harsha/Documents/GitHub/Automation-projects-portifolio/OpencartV121/grouping.xml

2025-10-30 22:08:13,975 - **** Starting of TC001_AccountRegistrationTest ****
2025-10-30 22:08:14,022 - **** Clicked on MyAccount ****
2025-10-30 22:08:14,823 - **** Clicked on Register ****
2025-10-30 22:08:14,824 - **** Providing the customer details ****
2025-10-30 22:08:16,449 - **** Finished the TC001_AccountRegistrationTest
2025-10-30 22:08:20,329 - **** Started TC002_LoginTest ****
2025-10-30 22:08:21,887 - **** Finished TC002_LoginTest ****
2025-10-30 22:16:26,148 - [TestNG] Running:
  /Users/Harsha/Documents/GitHub/Automation-projects-portifolio/OpencartV121/Master.xml

2025-10-30 22:16:30,916 - **** Starting of TC001_AccountRegistrationTest ****
2025-10-30 22:16:30,965 - **** Clicked on MyAccount ****
2025-10-30 22:16:31,468 - **** Clicked on Register ****
2025-10-30 22:16:31,469 - **** Providing the customer details ****
2025-10-30 22:16:32,546 - **** Finished the TC001_AccountRegistrationTest
2025-10-30 22:16:35,334 - **** Started TC002_LoginTest ****
2025-10-31 14:09:12,212 - [TestNG] Running:
  /Users/Harsha/Documents/GitHub/Automation-projects-portifolio/OpencartV121/Master.xml

2025-10-31 14:09:24,512 - **** Starting of TC001_AccountRegistrationTest ****
2025-10-31 14:09:24,581 - **** Clicked on MyAccount ****
2025-10-31 14:09:25,132 - **** Clicked on Register ****
2025-10-31 14:09:25,133 - **** Providing the customer details ****
2025-10-31 14:09:26,237 - **** Finished the TC001_AccountRegistrationTest
2025-10-31 14:09:29,204 - **** Started TC002_LoginTest ****
2025-10-31 14:09:30,699 - **** Finished TC002_LoginTest ****
2025-10-31 14:09:49,158 - [TestNG] Running:
  /Users/Harsha/Documents/GitHub/Automation-projects-portifolio/OpencartV121/Master.xml

2025-10-31 14:09:49,276 - **** Starting of TC001_AccountRegistrationTest ****
2025-10-31 14:10:25,493 - [TestNG] Running:
  /Users/Harsha/Documents/GitHub/Automation-projects-portifolio/OpencartV121/Master.xml

2025-10-31 14:10:25,599 - **** Starting of TC001_AccountRegistrationTest ****
2025-10-31 14:10:58,972 - [TestNG] Running:
  /Users/Harsha/Documents/GitHub/Automation-projects-portifolio/OpencartV121/Master.xml

2025-10-31 14:15:28,158 - [TestNG] Running:
  /Users/Harsha/Documents/GitHub/Automation-projects-portifolio/OpencartV121/Master.xml

2025-11-01 23:22:06,095 - [TestNG] Running:
  /Users/Harsha/Documents/GitHub/Automation-projects-portifolio/OpencartV121/docker-grid.xml

